cjdns-irc.sh
comms.sh
dump_torrents
dvd2isobz.sh
emshttp.py
ERP.py
firefox-anon
firefox-default
firefox-nono
firefox-personal
firefox-work
gkrellm-immortal
haxio.py
hot
index.sh
jsonwf.py
karma.sh
license.sh
mirror-slackware-current.conf
pastepost.py
pianobar.sh
prettyxml
prettyxml.xsl
printsomeutf8.py
revssh
revssh.init
sbopkg-update
sbt-repl-runner.sh
sbt-script-runner.sh
selfserve.py
sine-wave.py
strtime
sumlineattrib.sh
suspend.sh
synclient-setup.sh
testbot.py
thunderbird-mailto.sh
towinpath.py
update-AAAA_record
update-A_record
update-multilib.sh
usb_burnomatic.sh
vpsdo.py
wget-log-ipv6addr
window-by-pid.sh
xmodmap.sh
xset_always_on
